2026-04-29T20:00:23.943Z - [Error] GET /api/bookings/mybookings: No autorizado, token fallido
Error: No autorizado, token fallido
    at /mnt/unidad_local/Proyectos/Web's/React - FullStack/BeBook/backend/middleware/authMiddleware.js:26:13
    at process.processTicksAndRejections (node:internal/process/task_queues:95:5)

2026-04-29T20:00:42.242Z - [Error] POST /api/users/login: Email o contraseña inválidos
Error: Email o contraseña inválidos
    at /mnt/unidad_local/Proyectos/Web's/React - FullStack/BeBook/backend/controllers/userController.js:23:11
    at process.processTicksAndRejections (node:internal/process/task_queues:95:5)

2026-04-29T20:25:49.319Z - [Error] GET /api/users/stats: Not Found - /api/users/stats
Error: Not Found - /api/users/stats
    at notFound (/mnt/unidad_local/Proyectos/Web's/React - FullStack/BeBook/backend/middleware/errorMiddleware.js:5:17)
    at Layer.handleRequest (/mnt/unidad_local/Proyectos/Web's/React - FullStack/BeBook/backend/node_modules/router/lib/layer.js:152:17)
    at trimPrefix (/mnt/unidad_local/Proyectos/Web's/React - FullStack/BeBook/backend/node_modules/router/index.js:342:13)
    at /mnt/unidad_local/Proyectos/Web's/React - FullStack/BeBook/backend/node_modules/router/index.js:297:9
    at processParams (/mnt/unidad_local/Proyectos/Web's/React - FullStack/BeBook/backend/node_modules/router/index.js:582:12)
    at next (/mnt/unidad_local/Proyectos/Web's/React - FullStack/BeBook/backend/node_modules/router/index.js:291:5)
    at /mnt/unidad_local/Proyectos/Web's/React - FullStack/BeBook/backend/node_modules/router/index.js:688:15
    at next (/mnt/unidad_local/Proyectos/Web's/React - FullStack/BeBook/backend/node_modules/router/index.js:276:14)
    at Function.handle (/mnt/unidad_local/Proyectos/Web's/React - FullStack/BeBook/backend/node_modules/router/index.js:186:3)
    at router (/mnt/unidad_local/Proyectos/Web's/React - FullStack/BeBook/backend/node_modules/router/index.js:60:12)

2026-04-29T20:25:49.321Z - [Error] GET /api/users/activities: Not Found - /api/users/activities
Error: Not Found - /api/users/activities
    at notFound (/mnt/unidad_local/Proyectos/Web's/React - FullStack/BeBook/backend/middleware/errorMiddleware.js:5:17)
    at Layer.handleRequest (/mnt/unidad_local/Proyectos/Web's/React - FullStack/BeBook/backend/node_modules/router/lib/layer.js:152:17)
    at trimPrefix (/mnt/unidad_local/Proyectos/Web's/React - FullStack/BeBook/backend/node_modules/router/index.js:342:13)
    at /mnt/unidad_local/Proyectos/Web's/React - FullStack/BeBook/backend/node_modules/router/index.js:297:9
    at processParams (/mnt/unidad_local/Proyectos/Web's/React - FullStack/BeBook/backend/node_modules/router/index.js:582:12)
    at next (/mnt/unidad_local/Proyectos/Web's/React - FullStack/BeBook/backend/node_modules/router/index.js:291:5)
    at /mnt/unidad_local/Proyectos/Web's/React - FullStack/BeBook/backend/node_modules/router/index.js:688:15
    at next (/mnt/unidad_local/Proyectos/Web's/React - FullStack/BeBook/backend/node_modules/router/index.js:276:14)
    at Function.handle (/mnt/unidad_local/Proyectos/Web's/React - FullStack/BeBook/backend/node_modules/router/index.js:186:3)
    at router (/mnt/unidad_local/Proyectos/Web's/React - FullStack/BeBook/backend/node_modules/router/index.js:60:12)

2026-04-29T20:32:46.530Z - [Error] GET /api/users/activities: Not Found - /api/users/activities
Error: Not Found - /api/users/activities
    at notFound (/mnt/unidad_local/Proyectos/Web's/React - FullStack/BeBook/backend/middleware/errorMiddleware.js:5:17)
    at Layer.handleRequest (/mnt/unidad_local/Proyectos/Web's/React - FullStack/BeBook/backend/node_modules/router/lib/layer.js:152:17)
    at trimPrefix (/mnt/unidad_local/Proyectos/Web's/React - FullStack/BeBook/backend/node_modules/router/index.js:342:13)
    at /mnt/unidad_local/Proyectos/Web's/React - FullStack/BeBook/backend/node_modules/router/index.js:297:9
    at processParams (/mnt/unidad_local/Proyectos/Web's/React - FullStack/BeBook/backend/node_modules/router/index.js:582:12)
    at next (/mnt/unidad_local/Proyectos/Web's/React - FullStack/BeBook/backend/node_modules/router/index.js:291:5)
    at /mnt/unidad_local/Proyectos/Web's/React - FullStack/BeBook/backend/node_modules/router/index.js:688:15
    at next (/mnt/unidad_local/Proyectos/Web's/React - FullStack/BeBook/backend/node_modules/router/index.js:276:14)
    at Function.handle (/mnt/unidad_local/Proyectos/Web's/React - FullStack/BeBook/backend/node_modules/router/index.js:186:3)
    at router (/mnt/unidad_local/Proyectos/Web's/React - FullStack/BeBook/backend/node_modules/router/index.js:60:12)

2026-04-29T20:32:46.537Z - [Error] GET /api/users/stats: Not Found - /api/users/stats
Error: Not Found - /api/users/stats
    at notFound (/mnt/unidad_local/Proyectos/Web's/React - FullStack/BeBook/backend/middleware/errorMiddleware.js:5:17)
    at Layer.handleRequest (/mnt/unidad_local/Proyectos/Web's/React - FullStack/BeBook/backend/node_modules/router/lib/layer.js:152:17)
    at trimPrefix (/mnt/unidad_local/Proyectos/Web's/React - FullStack/BeBook/backend/node_modules/router/index.js:342:13)
    at /mnt/unidad_local/Proyectos/Web's/React - FullStack/BeBook/backend/node_modules/router/index.js:297:9
    at processParams (/mnt/unidad_local/Proyectos/Web's/React - FullStack/BeBook/backend/node_modules/router/index.js:582:12)
    at next (/mnt/unidad_local/Proyectos/Web's/React - FullStack/BeBook/backend/node_modules/router/index.js:291:5)
    at /mnt/unidad_local/Proyectos/Web's/React - FullStack/BeBook/backend/node_modules/router/index.js:688:15
    at next (/mnt/unidad_local/Proyectos/Web's/React - FullStack/BeBook/backend/node_modules/router/index.js:276:14)
    at Function.handle (/mnt/unidad_local/Proyectos/Web's/React - FullStack/BeBook/backend/node_modules/router/index.js:186:3)
    at router (/mnt/unidad_local/Proyectos/Web's/React - FullStack/BeBook/backend/node_modules/router/index.js:60:12)

2026-04-29T20:37:10.611Z - [Error] GET /api/users/activities: Not Found - /api/users/activities
Error: Not Found - /api/users/activities
    at notFound (/mnt/unidad_local/Proyectos/Web's/React - FullStack/BeBook/backend/middleware/errorMiddleware.js:5:17)
    at Layer.handleRequest (/mnt/unidad_local/Proyectos/Web's/React - FullStack/BeBook/backend/node_modules/router/lib/layer.js:152:17)
    at trimPrefix (/mnt/unidad_local/Proyectos/Web's/React - FullStack/BeBook/backend/node_modules/router/index.js:342:13)
    at /mnt/unidad_local/Proyectos/Web's/React - FullStack/BeBook/backend/node_modules/router/index.js:297:9
    at processParams (/mnt/unidad_local/Proyectos/Web's/React - FullStack/BeBook/backend/node_modules/router/index.js:582:12)
    at next (/mnt/unidad_local/Proyectos/Web's/React - FullStack/BeBook/backend/node_modules/router/index.js:291:5)
    at /mnt/unidad_local/Proyectos/Web's/React - FullStack/BeBook/backend/node_modules/router/index.js:688:15
    at next (/mnt/unidad_local/Proyectos/Web's/React - FullStack/BeBook/backend/node_modules/router/index.js:276:14)
    at Function.handle (/mnt/unidad_local/Proyectos/Web's/React - FullStack/BeBook/backend/node_modules/router/index.js:186:3)
    at router (/mnt/unidad_local/Proyectos/Web's/React - FullStack/BeBook/backend/node_modules/router/index.js:60:12)

2026-04-29T20:37:10.614Z - [Error] GET /api/users/stats: Not Found - /api/users/stats
Error: Not Found - /api/users/stats
    at notFound (/mnt/unidad_local/Proyectos/Web's/React - FullStack/BeBook/backend/middleware/errorMiddleware.js:5:17)
    at Layer.handleRequest (/mnt/unidad_local/Proyectos/Web's/React - FullStack/BeBook/backend/node_modules/router/lib/layer.js:152:17)
    at trimPrefix (/mnt/unidad_local/Proyectos/Web's/React - FullStack/BeBook/backend/node_modules/router/index.js:342:13)
    at /mnt/unidad_local/Proyectos/Web's/React - FullStack/BeBook/backend/node_modules/router/index.js:297:9
    at processParams (/mnt/unidad_local/Proyectos/Web's/React - FullStack/BeBook/backend/node_modules/router/index.js:582:12)
    at next (/mnt/unidad_local/Proyectos/Web's/React - FullStack/BeBook/backend/node_modules/router/index.js:291:5)
    at /mnt/unidad_local/Proyectos/Web's/React - FullStack/BeBook/backend/node_modules/router/index.js:688:15
    at next (/mnt/unidad_local/Proyectos/Web's/React - FullStack/BeBook/backend/node_modules/router/index.js:276:14)
    at Function.handle (/mnt/unidad_local/Proyectos/Web's/React - FullStack/BeBook/backend/node_modules/router/index.js:186:3)
    at router (/mnt/unidad_local/Proyectos/Web's/React - FullStack/BeBook/backend/node_modules/router/index.js:60:12)

2026-04-29T20:37:16.822Z - [Error] GET /api/users/activities: Not Found - /api/users/activities
Error: Not Found - /api/users/activities
    at notFound (/mnt/unidad_local/Proyectos/Web's/React - FullStack/BeBook/backend/middleware/errorMiddleware.js:5:17)
    at Layer.handleRequest (/mnt/unidad_local/Proyectos/Web's/React - FullStack/BeBook/backend/node_modules/router/lib/layer.js:152:17)
    at trimPrefix (/mnt/unidad_local/Proyectos/Web's/React - FullStack/BeBook/backend/node_modules/router/index.js:342:13)
    at /mnt/unidad_local/Proyectos/Web's/React - FullStack/BeBook/backend/node_modules/router/index.js:297:9
    at processParams (/mnt/unidad_local/Proyectos/Web's/React - FullStack/BeBook/backend/node_modules/router/index.js:582:12)
    at next (/mnt/unidad_local/Proyectos/Web's/React - FullStack/BeBook/backend/node_modules/router/index.js:291:5)
    at /mnt/unidad_local/Proyectos/Web's/React - FullStack/BeBook/backend/node_modules/router/index.js:688:15
    at next (/mnt/unidad_local/Proyectos/Web's/React - FullStack/BeBook/backend/node_modules/router/index.js:276:14)
    at Function.handle (/mnt/unidad_local/Proyectos/Web's/React - FullStack/BeBook/backend/node_modules/router/index.js:186:3)
    at router (/mnt/unidad_local/Proyectos/Web's/React - FullStack/BeBook/backend/node_modules/router/index.js:60:12)

2026-04-29T20:37:16.824Z - [Error] GET /api/users/stats: Not Found - /api/users/stats
Error: Not Found - /api/users/stats
    at notFound (/mnt/unidad_local/Proyectos/Web's/React - FullStack/BeBook/backend/middleware/errorMiddleware.js:5:17)
    at Layer.handleRequest (/mnt/unidad_local/Proyectos/Web's/React - FullStack/BeBook/backend/node_modules/router/lib/layer.js:152:17)
    at trimPrefix (/mnt/unidad_local/Proyectos/Web's/React - FullStack/BeBook/backend/node_modules/router/index.js:342:13)
    at /mnt/unidad_local/Proyectos/Web's/React - FullStack/BeBook/backend/node_modules/router/index.js:297:9
    at processParams (/mnt/unidad_local/Proyectos/Web's/React - FullStack/BeBook/backend/node_modules/router/index.js:582:12)
    at next (/mnt/unidad_local/Proyectos/Web's/React - FullStack/BeBook/backend/node_modules/router/index.js:291:5)
    at /mnt/unidad_local/Proyectos/Web's/React - FullStack/BeBook/backend/node_modules/router/index.js:688:15
    at next (/mnt/unidad_local/Proyectos/Web's/React - FullStack/BeBook/backend/node_modules/router/index.js:276:14)
    at Function.handle (/mnt/unidad_local/Proyectos/Web's/React - FullStack/BeBook/backend/node_modules/router/index.js:186:3)
    at router (/mnt/unidad_local/Proyectos/Web's/React - FullStack/BeBook/backend/node_modules/router/index.js:60:12)

2026-04-29T20:37:34.083Z - [Error] GET /api/users/stats: Not Found - /api/users/stats
Error: Not Found - /api/users/stats
    at notFound (/mnt/unidad_local/Proyectos/Web's/React - FullStack/BeBook/backend/middleware/errorMiddleware.js:5:17)
    at Layer.handleRequest (/mnt/unidad_local/Proyectos/Web's/React - FullStack/BeBook/backend/node_modules/router/lib/layer.js:152:17)
    at trimPrefix (/mnt/unidad_local/Proyectos/Web's/React - FullStack/BeBook/backend/node_modules/router/index.js:342:13)
    at /mnt/unidad_local/Proyectos/Web's/React - FullStack/BeBook/backend/node_modules/router/index.js:297:9
    at processParams (/mnt/unidad_local/Proyectos/Web's/React - FullStack/BeBook/backend/node_modules/router/index.js:582:12)
    at next (/mnt/unidad_local/Proyectos/Web's/React - FullStack/BeBook/backend/node_modules/router/index.js:291:5)
    at /mnt/unidad_local/Proyectos/Web's/React - FullStack/BeBook/backend/node_modules/router/index.js:688:15
    at next (/mnt/unidad_local/Proyectos/Web's/React - FullStack/BeBook/backend/node_modules/router/index.js:276:14)
    at Function.handle (/mnt/unidad_local/Proyectos/Web's/React - FullStack/BeBook/backend/node_modules/router/index.js:186:3)
    at router (/mnt/unidad_local/Proyectos/Web's/React - FullStack/BeBook/backend/node_modules/router/index.js:60:12)

2026-04-29T20:37:34.088Z - [Error] GET /api/users/activities: Not Found - /api/users/activities
Error: Not Found - /api/users/activities
    at notFound (/mnt/unidad_local/Proyectos/Web's/React - FullStack/BeBook/backend/middleware/errorMiddleware.js:5:17)
    at Layer.handleRequest (/mnt/unidad_local/Proyectos/Web's/React - FullStack/BeBook/backend/node_modules/router/lib/layer.js:152:17)
    at trimPrefix (/mnt/unidad_local/Proyectos/Web's/React - FullStack/BeBook/backend/node_modules/router/index.js:342:13)
    at /mnt/unidad_local/Proyectos/Web's/React - FullStack/BeBook/backend/node_modules/router/index.js:297:9
    at processParams (/mnt/unidad_local/Proyectos/Web's/React - FullStack/BeBook/backend/node_modules/router/index.js:582:12)
    at next (/mnt/unidad_local/Proyectos/Web's/React - FullStack/BeBook/backend/node_modules/router/index.js:291:5)
    at /mnt/unidad_local/Proyectos/Web's/React - FullStack/BeBook/backend/node_modules/router/index.js:688:15
    at next (/mnt/unidad_local/Proyectos/Web's/React - FullStack/BeBook/backend/node_modules/router/index.js:276:14)
    at Function.handle (/mnt/unidad_local/Proyectos/Web's/React - FullStack/BeBook/backend/node_modules/router/index.js:186:3)
    at router (/mnt/unidad_local/Proyectos/Web's/React - FullStack/BeBook/backend/node_modules/router/index.js:60:12)

2026-04-29T20:37:42.833Z - [Error] GET /api/users/activities: Not Found - /api/users/activities
Error: Not Found - /api/users/activities
    at notFound (/mnt/unidad_local/Proyectos/Web's/React - FullStack/BeBook/backend/middleware/errorMiddleware.js:5:17)
    at Layer.handleRequest (/mnt/unidad_local/Proyectos/Web's/React - FullStack/BeBook/backend/node_modules/router/lib/layer.js:152:17)
    at trimPrefix (/mnt/unidad_local/Proyectos/Web's/React - FullStack/BeBook/backend/node_modules/router/index.js:342:13)
    at /mnt/unidad_local/Proyectos/Web's/React - FullStack/BeBook/backend/node_modules/router/index.js:297:9
    at processParams (/mnt/unidad_local/Proyectos/Web's/React - FullStack/BeBook/backend/node_modules/router/index.js:582:12)
    at next (/mnt/unidad_local/Proyectos/Web's/React - FullStack/BeBook/backend/node_modules/router/index.js:291:5)
    at /mnt/unidad_local/Proyectos/Web's/React - FullStack/BeBook/backend/node_modules/router/index.js:688:15
    at next (/mnt/unidad_local/Proyectos/Web's/React - FullStack/BeBook/backend/node_modules/router/index.js:276:14)
    at Function.handle (/mnt/unidad_local/Proyectos/Web's/React - FullStack/BeBook/backend/node_modules/router/index.js:186:3)
    at router (/mnt/unidad_local/Proyectos/Web's/React - FullStack/BeBook/backend/node_modules/router/index.js:60:12)

2026-04-29T20:37:42.834Z - [Error] GET /api/users/stats: Not Found - /api/users/stats
Error: Not Found - /api/users/stats
    at notFound (/mnt/unidad_local/Proyectos/Web's/React - FullStack/BeBook/backend/middleware/errorMiddleware.js:5:17)
    at Layer.handleRequest (/mnt/unidad_local/Proyectos/Web's/React - FullStack/BeBook/backend/node_modules/router/lib/layer.js:152:17)
    at trimPrefix (/mnt/unidad_local/Proyectos/Web's/React - FullStack/BeBook/backend/node_modules/router/index.js:342:13)
    at /mnt/unidad_local/Proyectos/Web's/React - FullStack/BeBook/backend/node_modules/router/index.js:297:9
    at processParams (/mnt/unidad_local/Proyectos/Web's/React - FullStack/BeBook/backend/node_modules/router/index.js:582:12)
    at next (/mnt/unidad_local/Proyectos/Web's/React - FullStack/BeBook/backend/node_modules/router/index.js:291:5)
    at /mnt/unidad_local/Proyectos/Web's/React - FullStack/BeBook/backend/node_modules/router/index.js:688:15
    at next (/mnt/unidad_local/Proyectos/Web's/React - FullStack/BeBook/backend/node_modules/router/index.js:276:14)
    at Function.handle (/mnt/unidad_local/Proyectos/Web's/React - FullStack/BeBook/backend/node_modules/router/index.js:186:3)
    at router (/mnt/unidad_local/Proyectos/Web's/React - FullStack/BeBook/backend/node_modules/router/index.js:60:12)

2026-04-29T20:37:46.727Z - [Error] POST /api/users/activities/sync: Not Found - /api/users/activities/sync
Error: Not Found - /api/users/activities/sync
    at notFound (/mnt/unidad_local/Proyectos/Web's/React - FullStack/BeBook/backend/middleware/errorMiddleware.js:5:17)
    at Layer.handleRequest (/mnt/unidad_local/Proyectos/Web's/React - FullStack/BeBook/backend/node_modules/router/lib/layer.js:152:17)
    at trimPrefix (/mnt/unidad_local/Proyectos/Web's/React - FullStack/BeBook/backend/node_modules/router/index.js:342:13)
    at /mnt/unidad_local/Proyectos/Web's/React - FullStack/BeBook/backend/node_modules/router/index.js:297:9
    at processParams (/mnt/unidad_local/Proyectos/Web's/React - FullStack/BeBook/backend/node_modules/router/index.js:582:12)
    at next (/mnt/unidad_local/Proyectos/Web's/React - FullStack/BeBook/backend/node_modules/router/index.js:291:5)
    at /mnt/unidad_local/Proyectos/Web's/React - FullStack/BeBook/backend/node_modules/router/index.js:688:15
    at next (/mnt/unidad_local/Proyectos/Web's/React - FullStack/BeBook/backend/node_modules/router/index.js:276:14)
    at Function.handle (/mnt/unidad_local/Proyectos/Web's/React - FullStack/BeBook/backend/node_modules/router/index.js:186:3)
    at router (/mnt/unidad_local/Proyectos/Web's/React - FullStack/BeBook/backend/node_modules/router/index.js:60:12)

2026-04-29T20:38:00.921Z - [Error] GET /api/users/stats: Not Found - /api/users/stats
Error: Not Found - /api/users/stats
    at notFound (/mnt/unidad_local/Proyectos/Web's/React - FullStack/BeBook/backend/middleware/errorMiddleware.js:5:17)
    at Layer.handleRequest (/mnt/unidad_local/Proyectos/Web's/React - FullStack/BeBook/backend/node_modules/router/lib/layer.js:152:17)
    at trimPrefix (/mnt/unidad_local/Proyectos/Web's/React - FullStack/BeBook/backend/node_modules/router/index.js:342:13)
    at /mnt/unidad_local/Proyectos/Web's/React - FullStack/BeBook/backend/node_modules/router/index.js:297:9
    at processParams (/mnt/unidad_local/Proyectos/Web's/React - FullStack/BeBook/backend/node_modules/router/index.js:582:12)
    at next (/mnt/unidad_local/Proyectos/Web's/React - FullStack/BeBook/backend/node_modules/router/index.js:291:5)
    at /mnt/unidad_local/Proyectos/Web's/React - FullStack/BeBook/backend/node_modules/router/index.js:688:15
    at next (/mnt/unidad_local/Proyectos/Web's/React - FullStack/BeBook/backend/node_modules/router/index.js:276:14)
    at Function.handle (/mnt/unidad_local/Proyectos/Web's/React - FullStack/BeBook/backend/node_modules/router/index.js:186:3)
    at router (/mnt/unidad_local/Proyectos/Web's/React - FullStack/BeBook/backend/node_modules/router/index.js:60:12)

2026-04-29T20:38:00.927Z - [Error] GET /api/users/activities: Not Found - /api/users/activities
Error: Not Found - /api/users/activities
    at notFound (/mnt/unidad_local/Proyectos/Web's/React - FullStack/BeBook/backend/middleware/errorMiddleware.js:5:17)
    at Layer.handleRequest (/mnt/unidad_local/Proyectos/Web's/React - FullStack/BeBook/backend/node_modules/router/lib/layer.js:152:17)
    at trimPrefix (/mnt/unidad_local/Proyectos/Web's/React - FullStack/BeBook/backend/node_modules/router/index.js:342:13)
    at /mnt/unidad_local/Proyectos/Web's/React - FullStack/BeBook/backend/node_modules/router/index.js:297:9
    at processParams (/mnt/unidad_local/Proyectos/Web's/React - FullStack/BeBook/backend/node_modules/router/index.js:582:12)
    at next (/mnt/unidad_local/Proyectos/Web's/React - FullStack/BeBook/backend/node_modules/router/index.js:291:5)
    at /mnt/unidad_local/Proyectos/Web's/React - FullStack/BeBook/backend/node_modules/router/index.js:688:15
    at next (/mnt/unidad_local/Proyectos/Web's/React - FullStack/BeBook/backend/node_modules/router/index.js:276:14)
    at Function.handle (/mnt/unidad_local/Proyectos/Web's/React - FullStack/BeBook/backend/node_modules/router/index.js:186:3)
    at router (/mnt/unidad_local/Proyectos/Web's/React - FullStack/BeBook/backend/node_modules/router/index.js:60:12)

2026-04-29T20:38:07.791Z - [Error] POST /api/users/activities/sync: Not Found - /api/users/activities/sync
Error: Not Found - /api/users/activities/sync
    at notFound (/mnt/unidad_local/Proyectos/Web's/React - FullStack/BeBook/backend/middleware/errorMiddleware.js:5:17)
    at Layer.handleRequest (/mnt/unidad_local/Proyectos/Web's/React - FullStack/BeBook/backend/node_modules/router/lib/layer.js:152:17)
    at trimPrefix (/mnt/unidad_local/Proyectos/Web's/React - FullStack/BeBook/backend/node_modules/router/index.js:342:13)
    at /mnt/unidad_local/Proyectos/Web's/React - FullStack/BeBook/backend/node_modules/router/index.js:297:9
    at processParams (/mnt/unidad_local/Proyectos/Web's/React - FullStack/BeBook/backend/node_modules/router/index.js:582:12)
    at next (/mnt/unidad_local/Proyectos/Web's/React - FullStack/BeBook/backend/node_modules/router/index.js:291:5)
    at /mnt/unidad_local/Proyectos/Web's/React - FullStack/BeBook/backend/node_modules/router/index.js:688:15
    at next (/mnt/unidad_local/Proyectos/Web's/React - FullStack/BeBook/backend/node_modules/router/index.js:276:14)
    at Function.handle (/mnt/unidad_local/Proyectos/Web's/React - FullStack/BeBook/backend/node_modules/router/index.js:186:3)
    at router (/mnt/unidad_local/Proyectos/Web's/React - FullStack/BeBook/backend/node_modules/router/index.js:60:12)

2026-04-29T20:38:09.396Z - [Error] POST /api/users/activities/sync: Not Found - /api/users/activities/sync
Error: Not Found - /api/users/activities/sync
    at notFound (/mnt/unidad_local/Proyectos/Web's/React - FullStack/BeBook/backend/middleware/errorMiddleware.js:5:17)
    at Layer.handleRequest (/mnt/unidad_local/Proyectos/Web's/React - FullStack/BeBook/backend/node_modules/router/lib/layer.js:152:17)
    at trimPrefix (/mnt/unidad_local/Proyectos/Web's/React - FullStack/BeBook/backend/node_modules/router/index.js:342:13)
    at /mnt/unidad_local/Proyectos/Web's/React - FullStack/BeBook/backend/node_modules/router/index.js:297:9
    at processParams (/mnt/unidad_local/Proyectos/Web's/React - FullStack/BeBook/backend/node_modules/router/index.js:582:12)
    at next (/mnt/unidad_local/Proyectos/Web's/React - FullStack/BeBook/backend/node_modules/router/index.js:291:5)
    at /mnt/unidad_local/Proyectos/Web's/React - FullStack/BeBook/backend/node_modules/router/index.js:688:15
    at next (/mnt/unidad_local/Proyectos/Web's/React - FullStack/BeBook/backend/node_modules/router/index.js:276:14)
    at Function.handle (/mnt/unidad_local/Proyectos/Web's/React - FullStack/BeBook/backend/node_modules/router/index.js:186:3)
    at router (/mnt/unidad_local/Proyectos/Web's/React - FullStack/BeBook/backend/node_modules/router/index.js:60:12)

2026-04-29T20:38:09.565Z - [Error] POST /api/users/activities/sync: Not Found - /api/users/activities/sync
Error: Not Found - /api/users/activities/sync
    at notFound (/mnt/unidad_local/Proyectos/Web's/React - FullStack/BeBook/backend/middleware/errorMiddleware.js:5:17)
    at Layer.handleRequest (/mnt/unidad_local/Proyectos/Web's/React - FullStack/BeBook/backend/node_modules/router/lib/layer.js:152:17)
    at trimPrefix (/mnt/unidad_local/Proyectos/Web's/React - FullStack/BeBook/backend/node_modules/router/index.js:342:13)
    at /mnt/unidad_local/Proyectos/Web's/React - FullStack/BeBook/backend/node_modules/router/index.js:297:9
    at processParams (/mnt/unidad_local/Proyectos/Web's/React - FullStack/BeBook/backend/node_modules/router/index.js:582:12)
    at next (/mnt/unidad_local/Proyectos/Web's/React - FullStack/BeBook/backend/node_modules/router/index.js:291:5)
    at /mnt/unidad_local/Proyectos/Web's/React - FullStack/BeBook/backend/node_modules/router/index.js:688:15
    at next (/mnt/unidad_local/Proyectos/Web's/React - FullStack/BeBook/backend/node_modules/router/index.js:276:14)
    at Function.handle (/mnt/unidad_local/Proyectos/Web's/React - FullStack/BeBook/backend/node_modules/router/index.js:186:3)
    at router (/mnt/unidad_local/Proyectos/Web's/React - FullStack/BeBook/backend/node_modules/router/index.js:60:12)

2026-04-29T20:38:09.724Z - [Error] POST /api/users/activities/sync: Not Found - /api/users/activities/sync
Error: Not Found - /api/users/activities/sync
    at notFound (/mnt/unidad_local/Proyectos/Web's/React - FullStack/BeBook/backend/middleware/errorMiddleware.js:5:17)
    at Layer.handleRequest (/mnt/unidad_local/Proyectos/Web's/React - FullStack/BeBook/backend/node_modules/router/lib/layer.js:152:17)
    at trimPrefix (/mnt/unidad_local/Proyectos/Web's/React - FullStack/BeBook/backend/node_modules/router/index.js:342:13)
    at /mnt/unidad_local/Proyectos/Web's/React - FullStack/BeBook/backend/node_modules/router/index.js:297:9
    at processParams (/mnt/unidad_local/Proyectos/Web's/React - FullStack/BeBook/backend/node_modules/router/index.js:582:12)
    at next (/mnt/unidad_local/Proyectos/Web's/React - FullStack/BeBook/backend/node_modules/router/index.js:291:5)
    at /mnt/unidad_local/Proyectos/Web's/React - FullStack/BeBook/backend/node_modules/router/index.js:688:15
    at next (/mnt/unidad_local/Proyectos/Web's/React - FullStack/BeBook/backend/node_modules/router/index.js:276:14)
    at Function.handle (/mnt/unidad_local/Proyectos/Web's/React - FullStack/BeBook/backend/node_modules/router/index.js:186:3)
    at router (/mnt/unidad_local/Proyectos/Web's/React - FullStack/BeBook/backend/node_modules/router/index.js:60:12)

2026-04-29T20:38:09.893Z - [Error] POST /api/users/activities/sync: Not Found - /api/users/activities/sync
Error: Not Found - /api/users/activities/sync
    at notFound (/mnt/unidad_local/Proyectos/Web's/React - FullStack/BeBook/backend/middleware/errorMiddleware.js:5:17)
    at Layer.handleRequest (/mnt/unidad_local/Proyectos/Web's/React - FullStack/BeBook/backend/node_modules/router/lib/layer.js:152:17)
    at trimPrefix (/mnt/unidad_local/Proyectos/Web's/React - FullStack/BeBook/backend/node_modules/router/index.js:342:13)
    at /mnt/unidad_local/Proyectos/Web's/React - FullStack/BeBook/backend/node_modules/router/index.js:297:9
    at processParams (/mnt/unidad_local/Proyectos/Web's/React - FullStack/BeBook/backend/node_modules/router/index.js:582:12)
    at next (/mnt/unidad_local/Proyectos/Web's/React - FullStack/BeBook/backend/node_modules/router/index.js:291:5)
    at /mnt/unidad_local/Proyectos/Web's/React - FullStack/BeBook/backend/node_modules/router/index.js:688:15
    at next (/mnt/unidad_local/Proyectos/Web's/React - FullStack/BeBook/backend/node_modules/router/index.js:276:14)
    at Function.handle (/mnt/unidad_local/Proyectos/Web's/React - FullStack/BeBook/backend/node_modules/router/index.js:186:3)
    at router (/mnt/unidad_local/Proyectos/Web's/React - FullStack/BeBook/backend/node_modules/router/index.js:60:12)

2026-04-29T20:38:20.887Z - [Error] POST /api/users/activities/sync: Not Found - /api/users/activities/sync
Error: Not Found - /api/users/activities/sync
    at notFound (/mnt/unidad_local/Proyectos/Web's/React - FullStack/BeBook/backend/middleware/errorMiddleware.js:5:17)
    at Layer.handleRequest (/mnt/unidad_local/Proyectos/Web's/React - FullStack/BeBook/backend/node_modules/router/lib/layer.js:152:17)
    at trimPrefix (/mnt/unidad_local/Proyectos/Web's/React - FullStack/BeBook/backend/node_modules/router/index.js:342:13)
    at /mnt/unidad_local/Proyectos/Web's/React - FullStack/BeBook/backend/node_modules/router/index.js:297:9
    at processParams (/mnt/unidad_local/Proyectos/Web's/React - FullStack/BeBook/backend/node_modules/router/index.js:582:12)
    at next (/mnt/unidad_local/Proyectos/Web's/React - FullStack/BeBook/backend/node_modules/router/index.js:291:5)
    at /mnt/unidad_local/Proyectos/Web's/React - FullStack/BeBook/backend/node_modules/router/index.js:688:15
    at next (/mnt/unidad_local/Proyectos/Web's/React - FullStack/BeBook/backend/node_modules/router/index.js:276:14)
    at Function.handle (/mnt/unidad_local/Proyectos/Web's/React - FullStack/BeBook/backend/node_modules/router/index.js:186:3)
    at router (/mnt/unidad_local/Proyectos/Web's/React - FullStack/BeBook/backend/node_modules/router/index.js:60:12)

2026-04-29T20:38:22.574Z - [Error] POST /api/users/activities/sync: Not Found - /api/users/activities/sync
Error: Not Found - /api/users/activities/sync
    at notFound (/mnt/unidad_local/Proyectos/Web's/React - FullStack/BeBook/backend/middleware/errorMiddleware.js:5:17)
    at Layer.handleRequest (/mnt/unidad_local/Proyectos/Web's/React - FullStack/BeBook/backend/node_modules/router/lib/layer.js:152:17)
    at trimPrefix (/mnt/unidad_local/Proyectos/Web's/React - FullStack/BeBook/backend/node_modules/router/index.js:342:13)
    at /mnt/unidad_local/Proyectos/Web's/React - FullStack/BeBook/backend/node_modules/router/index.js:297:9
    at processParams (/mnt/unidad_local/Proyectos/Web's/React - FullStack/BeBook/backend/node_modules/router/index.js:582:12)
    at next (/mnt/unidad_local/Proyectos/Web's/React - FullStack/BeBook/backend/node_modules/router/index.js:291:5)
    at /mnt/unidad_local/Proyectos/Web's/React - FullStack/BeBook/backend/node_modules/router/index.js:688:15
    at next (/mnt/unidad_local/Proyectos/Web's/React - FullStack/BeBook/backend/node_modules/router/index.js:276:14)
    at Function.handle (/mnt/unidad_local/Proyectos/Web's/React - FullStack/BeBook/backend/node_modules/router/index.js:186:3)
    at router (/mnt/unidad_local/Proyectos/Web's/React - FullStack/BeBook/backend/node_modules/router/index.js:60:12)

